Determining if the IP_DONTFRAG exist failed with the following output:
Change Dir: /home/gabriel/lsquic/CMakeFiles/CMakeTmp

Run Build Command(s):/usr/bin/make cmTC_885db/fast && /usr/bin/make -f CMakeFiles/cmTC_885db.dir/build.make CMakeFiles/cmTC_885db.dir/build
make[1]: 디렉터리 '/home/gabriel/lsquic/CMakeFiles/CMakeTmp' 들어감
Building C object CMakeFiles/cmTC_885db.dir/CheckSymbolExists.c.o
/usr/bin/cc   -DLSQUIC_DEBUG_NEXT_ADV_TICK=1 -DLSQUIC_CONN_STATS=1 -Wall -Wextra -Wno-unused-parameter -fno-omit-frame-pointer -Wno-implicit-fallthrough -Wno-missing-field-initializers -O0 -g3     -o CMakeFiles/cmTC_885db.dir/CheckSymbolExists.c.o   -c /home/gabriel/lsquic/CMakeFiles/CMakeTmp/CheckSymbolExists.c
/home/gabriel/lsquic/CMakeFiles/CMakeTmp/CheckSymbolExists.c: In function ‘main’:
/home/gabriel/lsquic/CMakeFiles/CMakeTmp/CheckSymbolExists.c:8:19: error: ‘IP_DONTFRAG’ undeclared (first use in this function); did you mean ‘IPV6_DONTFRAG’?
    8 |   return ((int*)(&IP_DONTFRAG))[argc];
      |                   ^~~~~~~~~~~
      |                   IPV6_DONTFRAG
/home/gabriel/lsquic/CMakeFiles/CMakeTmp/CheckSymbolExists.c:8:19: note: each undeclared identifier is reported only once for each function it appears in
/home/gabriel/lsquic/CMakeFiles/CMakeTmp/CheckSymbolExists.c:4:14: warning: parameter ‘argc’ set but not used [-Wunused-but-set-parameter]
    4 | int main(int argc, char** argv)
      |          ~~~~^~~~
make[1]: *** [CMakeFiles/cmTC_885db.dir/build.make:66: CMakeFiles/cmTC_885db.dir/CheckSymbolExists.c.o] 오류 1
make[1]: 디렉터리 '/home/gabriel/lsquic/CMakeFiles/CMakeTmp' 나감
make: *** [Makefile:121: cmTC_885db/fast] 오류 2


File /home/gabriel/lsquic/CMakeFiles/CMakeTmp/CheckSymbolExists.c:
/* */
#include <netinet/in.h>

int main(int argc, char** argv)
{
  (void)argv;
#ifndef IP_DONTFRAG
  return ((int*)(&IP_DONTFRAG))[argc];
#else
  (void)argc;
  return 0;
#endif
}
